"C:/Users/Jahn/Documents/GitHub/SpaceForce/SpaceForce 4.21/Content/Matrial/Material.uasset" 0
"C:/Users/Jahn/Documents/GitHub/SpaceForce/SpaceForce 4.21/Content/Model/shell.uasset" 1
"C:/Users/Jahn/Documents/GitHub/SpaceForce/SpaceForce 4.21/Content/BP/Shell.uasset" 2
"C:/Users/Jahn/Documents/GitHub/SpaceForce/SpaceForce 4.21/Content/BP/PlayerHUD.uasset" 3
"C:/Users/Jahn/Documents/GitHub/SpaceForce/SpaceForce 4.21/Content/Model/Barrel.uasset" 4
"C:/Users/Jahn/Documents/GitHub/SpaceForce/SpaceForce 4.21/Content/Model/Body.uasset" 5
"C:/Users/Jahn/Documents/GitHub/SpaceForce/SpaceForce 4.21/Content/Model/track.uasset" 6
"C:/Users/Jahn/Documents/GitHub/SpaceForce/SpaceForce 4.21/Content/Model/Turret.uasset" 7
"C:/Users/Jahn/Documents/GitHub/SpaceForce/SpaceForce 4.21/Content/BP/Player.uasset" 8
"C:/Users/Jahn/Documents/GitHub/SpaceForce/SpaceForce 4.21/Content/BP/enemy1.uasset" 9
"C:/Users/Jahn/Documents/GitHub/SpaceForce/SpaceForce 4.21/Content/Model/Missile.uasset" 10
"C:/Users/Jahn/Documents/GitHub/SpaceForce/SpaceForce 4.21/Content/Model/CircularProgressbarUMG_TomLooman/UI/HUD/ProgressCircle/MI_ProgressCircle.uasset" 11
"../../../Engine/Content/Functions/Engine_MaterialFunctions01/Gradient/SphereGradient-2D.uasset" 12
"C:/Users/Jahn/Documents/GitHub/SpaceForce/SpaceForce 4.21/Content/Model/CircularProgressbarUMG_TomLooman/UI/HUD/ProgressCircle/M_ProgressCircle.uasset" 13
"C:/Users/Jahn/Documents/GitHub/SpaceForce/SpaceForce 4.21/Content/Model/CircularProgressbarUMG_TomLooman/UI/HUD/ProgressCircle/T_CircularMask.uasset" 14
"../../../Engine/Content/Functions/Engine_MaterialFunctions01/Opacity/CameraDepthFade.uasset" 15
"../../../Engine/Content/EngineMaterials/T_Default_Material_Grid_M.uasset" 16
"../../../Engine/Content/EngineMaterials/T_Default_Material_Grid_N.uasset" 17
"../../../Engine/Content/EngineMaterials/WorldGridMaterial.uasset" 18
"../../../Engine/Content/ArtTools/RenderToTexture/Meshes/S_1_Unit_Plane.uasset" 19
"../../../Engine/Content/EngineMaterials/DefaultMaterial.uasset" 20
"../../../Engine/Content/BasicShapes/Cone.uasset" 21
"../../../Engine/Content/BasicShapes/Plane.uasset" 22
"../../../Engine/Content/BasicShapes/Sphere.uasset" 23
"../../../Engine/Content/EditorLandscapeResources/DataLayer.uasset" 24
"../../../Engine/Content/EditorLandscapeResources/DefaultAlphaTexture.uasset" 25
"../../../Engine/Content/EditorMaterials/GizmoMaterial.uasset" 26
"../../../Engine/Content/EditorMaterials/MAT_Groups_Toggle.uasset" 27
"../../../Engine/Content/EditorMaterials/MAT_Groups_Visibility.uasset" 28
"../../../Engine/Content/EditorMaterials/PreviewShadowIndicator.uasset" 29
"../../../Engine/Content/EditorMaterials/PreviewShadowIndicatorMaterial.uasset" 30
"../../../Engine/Content/EditorMaterials/MatineeGroups/MAT_ColorTrack.uasset" 31
"../../../Engine/Content/EditorMaterials/MatineeGroups/MAT_Groups_Anim.uasset" 32
"../../../Engine/Content/EditorMaterials/MatineeGroups/MAT_Groups_AudioMaster.uasset" 33
"../../../Engine/Content/EditorMaterials/MatineeGroups/MAT_Groups_Director.uasset" 34
"../../../Engine/Content/EditorMaterials/MatineeGroups/MAT_Groups_Event.uasset" 35
"../../../Engine/Content/EditorMaterials/MatineeGroups/MAT_Groups_Fade.uasset" 36
"../../../Engine/Content/EditorMaterials/MatineeGroups/MAT_Groups_Float.uasset" 37
"../../../Engine/Content/EditorMaterials/MatineeGroups/MAT_Groups_Move.uasset" 38
"../../../Engine/Content/EditorMaterials/MatineeGroups/MAT_Groups_Slomo.uasset" 39
"../../../Engine/Content/EditorMaterials/MatineeGroups/MAT_Groups_Sound.uasset" 40
"../../../Engine/Content/EditorMaterials/MatineeGroups/MAT_Groups_Vector.uasset" 41
"../../../Engine/Content/EditorMaterials/ParticleSystems/PSysThumbnail_NoImage.uasset" 42
"../../../Engine/Content/EditorMaterials/ParticleSystems/PSysThumbnail_OOD.uasset" 43
"../../../Engine/Content/EditorMaterials/Camera/CineMat.uasset" 44
"../../../Engine/Content/EditorMaterials/Camera/MI_CineMat_Rig.uasset" 45
"../../../Engine/Content/EditorMeshes/Camera/SM_CraneRig_Arm.uasset" 46
"../../../Engine/Content/EditorMeshes/Camera/SM_CraneRig_Base.uasset" 47
"../../../Engine/Content/EditorMeshes/Camera/SM_CraneRig_Body.uasset" 48
"../../../Engine/Content/EditorMeshes/Camera/SM_CraneRig_Mount.uasset" 49
"../../../Engine/Content/EditorMeshes/Camera/SM_RailRig_Mount.uasset" 50
"../../../Engine/Content/EditorMeshes/Camera/SM_RailRig_Track.uasset" 51
"../../../Engine/Content/EditorResources/BSPVertex.uasset" 52
"../../../Engine/Content/EditorResources/EmptyActor.uasset" 53
"../../../Engine/Content/EditorResources/S_Actor.uasset" 54
"../../../Engine/Content/EditorResources/S_Terrain.uasset" 55
"../../../Engine/Content/EditorResources/S_Trigger.uasset" 56
"../../../Engine/Content/EditorResources/LightIcons/S_LightError.uasset" 57
"../../../Engine/Content/EditorResources/SequenceRecorder/Countdown.uasset" 58
"../../../Engine/Content/EditorResources/SequenceRecorder/RecordingIndicator.uasset" 59
"../../../Engine/Content/EditorSounds/Notifications/CompileFailed.uasset" 60
"../../../Engine/Content/EditorSounds/Notifications/CompileFailed_Cue.uasset" 61
"../../../Engine/Content/EditorSounds/Notifications/CompileSuccess.uasset" 62
"../../../Engine/Content/EditorSounds/Notifications/CompileStart_Cue.uasset" 63
"../../../Engine/Content/EditorSounds/Notifications/CompileSuccess_Cue.uasset" 64
"../../../Engine/Content/EngineDamageTypes/DmgTypeBP_Environmental.uasset" 65
"../../../Engine/Content/EngineDebugMaterials/HeatmapGradient.uasset" 66
"../../../Engine/Content/EngineDebugMaterials/BoneWeightMaterial.uasset" 67
"../../../Engine/Content/EngineDebugMaterials/ClothMaterial.uasset" 68
"../../../Engine/Content/EngineDebugMaterials/ClothMaterial_WF.uasset" 69
"../../../Engine/Content/EngineDebugMaterials/DebugEditorMaterial.uasset" 70
"../../../Engine/Content/EngineDebugMaterials/DebugMeshMaterial.uasset" 71
"../../../Engine/Content/EngineDebugMaterials/GeomMaterial.uasset" 72
"../../../Engine/Content/EngineDebugMaterials/M_SimpleTranslucent.uasset" 73
"../../../Engine/Content/EngineFonts/Faces/RobotoBold.uasset" 74
"../../../Engine/Content/EngineFonts/Faces/RobotoBoldItalic.uasset" 75
"../../../Engine/Content/EngineFonts/Faces/RobotoItalic.uasset" 76
"../../../Engine/Content/EngineFonts/Faces/RobotoLight.uasset" 77
"../../../Engine/Content/EngineFonts/Faces/RobotoRegular.uasset" 78
"../../../Engine/Content/EngineFonts/Roboto.uasset" 79
"../../../Engine/Content/EngineFonts/Faces/RobotoTiny.uasset" 80
"../../../Engine/Content/EngineFonts/RobotoTiny.uasset" 81
"../../../Engine/Content/EngineMaterials/BaseFlattenDiffuseMap.uasset" 82
"../../../Engine/Content/EngineMaterials/BaseFlattenEmissiveMap.uasset" 83
"../../../Engine/Content/EngineMaterials/BaseFlattenGrayscaleMap.uasset" 84
"../../../Engine/Content/EngineMaterials/BaseFlattenNormalMap.uasset" 85
"../../../Engine/Content/EngineMaterials/BaseFlattenMaterial.uasset" 86
"../../../Engine/Content/EngineMaterials/DefaultBloomKernel.uasset" 87
"../../../Engine/Content/EngineMaterials/DefaultBokeh.uasset" 88
"../../../Engine/Content/EngineMaterials/DefaultDiffuse.uasset" 89
"../../../Engine/Content/EngineMaterials/DefaultDeferredDecalMaterial.uasset" 90
"../../../Engine/Content/EngineMaterials/DefaultLightFunctionMaterial.uasset" 91
"../../../Engine/Content/EngineMaterials/DefaultPhysicalMaterial.uasset" 92
"../../../Engine/Content/Functions/Engine_MaterialFunctions02/Utility/BreakOutFloat2Components.uasset" 93
"../../../Engine/Content/EngineMaterials/DefaultPostProcessMaterial.uasset" 94
"../../../Engine/Content/EngineFonts/RobotoDistanceField.uasset" 95
"../../../Engine/Content/EngineMaterials/DefaultTextMaterialOpaque.uasset" 96
"../../../Engine/Content/EngineMaterials/DefaultWhiteGrid.uasset" 97
"../../../Engine/Content/EngineMaterials/EditorBrushMaterial.uasset" 98
"../../../Engine/Content/EngineMaterials/Good64x64TilingNoiseHighFreq.uasset" 99
"../../../Engine/Content/EngineMaterials/MiniFont.uasset" 100
"../../../Engine/Content/EngineMaterials/InvalidLightmapSettings.uasset" 101
"../../../Engine/Content/EngineMaterials/M_InvalidLightmapSettings.uasset" 102
"../../../Engine/Content/Functions/Engine_MaterialFunctions02/WorldPositionOffset/CameraOffset.uasset" 103
"../../../Engine/Content/EngineMaterials/PhAT_JointLimitMaterial.uasset" 104
"../../../Engine/Content/EngineMaterials/PreintegratedSkinBRDF.uasset" 105
"../../../Engine/Content/EngineMaterials/RemoveSurfaceMaterial.uasset" 106
"../../../Engine/Content/EngineMaterials/WeightMapPlaceholderTexture.uasset" 107
"../../../Engine/Content/EngineResources/WhiteSquareTexture.uasset" 108
"../../../Engine/Content/EngineMaterials/Widget3DPassThrough.uasset" 109
"../../../Engine/Content/EngineMaterials/Widget3DPassThrough_Masked.uasset" 110
"../../../Engine/Content/EngineMaterials/Widget3DPassThrough_Opaque.uasset" 111
"../../../Engine/Content/EngineMaterials/Widget3DPassThrough_Masked_OneSided.uasset" 112
"../../../Engine/Content/EngineMaterials/Widget3DPassThrough_Opaque_OneSided.uasset" 113
"../../../Engine/Content/EngineMaterials/Widget3DPassThrough_Translucent.uasset" 114
"../../../Engine/Content/EngineMaterials/Widget3DPassThrough_Translucent_OneSided.uasset" 115
"../../../Engine/Content/EngineMeshes/Cylinder.uasset" 116
"../../../Engine/Content/EngineMeshes/Sphere.uasset" 117
"../../../Engine/Content/EngineResources/Black.uasset" 118
"../../../Engine/Content/EngineResources/DefaultTexture.uasset" 119
"../../../Engine/Content/EngineResources/DefaultTextureCube.uasset" 120
"../../../Engine/Content/EngineResources/DefaultVolumeTexture2D.uasset" 121
"../../../Engine/Content/EngineResources/DefaultVolumeTexture.uasset" 122
"../../../Engine/Content/EngineResources/GradientTexture0.uasset" 123
"../../../Engine/Content/EngineSounds/Master.uasset" 124
"../../../Engine/Content/Functions/Engine_MaterialFunctions01/Shading/ConvertFromDiffSpec.uasset" 125
"../../../Engine/Content/Functions/Engine_MaterialFunctions01/Shading/PowerToRoughness.uasset" 126
"../../../Engine/Content/Maps/Templates/Thumbnails/Default.uasset" 127
"../../../Engine/Content/Maps/Templates/Thumbnails/VR-Basic.uasset" 128
"../../../Engine/Content/MobileResources/T_MobileControls_texture.uasset" 129
"../../../Engine/Content/MobileResources/T_MobileMenu2.uasset" 130
"../../../Engine/Content/MobileResources/HUD/AnalogHat.uasset" 131
"../../../Engine/Content/MobileResources/HUD/VirtualJoystick_Background.uasset" 132
"../../../Engine/Content/MobileResources/HUD/VirtualJoystick_Thumb.uasset" 133
"../../../Engine/Content/MobileResources/HUD/DefaultVirtualJoysticks.uasset" 134
"../../../Engine/Content/MobileResources/HUD/LeftVirtualJoystickOnly.uasset" 135
"../../../Engine/Content/MobileResources/HUD/MobileHUDButton1_off.uasset" 136
"../../../Engine/Content/MobileResources/HUD/MobileHUDButton1_on.uasset" 137
"../../../Engine/Content/MobileResources/HUD/MobileHUDButton2_off.uasset" 138
"../../../Engine/Content/MobileResources/HUD/MobileHUDButton2_on.uasset" 139
"../../../Engine/Content/MobileResources/HUD/MobileHUDButton3.uasset" 140
"../../../Engine/Content/MobileResources/HUD/MobileHUDButtonFire.uasset" 141
"../../../Engine/Content/MobileResources/HUD/MobileHUDDirectionPad.uasset" 142
"../../../Engine/Content/MobileResources/HUD/MobileHUDDirectionPad2.uasset" 143
"../../../Engine/Content/MobileResources/HUD/MobileHUDDirectionPad3.uasset" 144
"../../../Engine/Content/MobileResources/HUD/MobileHUDDirectionStick.uasset" 145
"../../../Engine/Content/MobileResources/HUD/T_Castle_ThumbstickInner.uasset" 146
"../../../Engine/Content/MobileResources/HUD/T_Castle_ThumbstickOutter.uasset" 147
"../../../Engine/Content/Tutorial/ContentIntroCurve.uasset" 148
"../../../Engine/Content/Tutorial/Basics/TutorialAssets/icon_tab_Levels_40x.uasset" 149
"../../../Engine/Content/VREditor/LaserPointer/VR_LaserPower_01.uasset" 150
"../../../Engine/Content/VREditor/TransformGizmo/TransformGizmoMaterial.uasset" 151
"../../../Engine/Content/VREditor/TransformGizmo/TranslucentTransformGizmoMaterial.uasset" 152
"../../../Engine/Content/VREditor/TransformGizmo/BoundingBoxCorner.uasset" 153
"../../../Engine/Content/VREditor/TransformGizmo/BoundingBoxEdge.uasset" 154
"../../../Engine/Content/VREditor/TransformGizmo/PlaneTranslationHandle.uasset" 155
"../../../Engine/Content/VREditor/TransformGizmo/Main.uasset" 156
"../../../Engine/Content/VREditor/TransformGizmo/Xray.uasset" 157
"../../../Engine/Content/VREditor/TransformGizmo/SM_Sequencer_Key.uasset" 158
"../../../Engine/Content/VREditor/TransformGizmo/SM_Sequencer_Node.uasset" 159
"../../Plugins/2D/Paper2D/Content/PlaceholderTextures/DummySpriteTexture.uasset" 160
"../../Plugins/2D/Paper2D/Content/DummySprite.uasset" 161
"../../Plugins/2D/Paper2D/Content/DefaultPaperTerrainMaterial.uasset" 162
"../../Plugins/2D/Paper2D/Content/DefaultSpriteMaterial.uasset" 163
"../../Plugins/2D/Paper2D/Content/MaskedUnlitSpriteMaterial.uasset" 164
"../../Plugins/2D/Paper2D/Content/OpaqueUnlitSpriteMaterial.uasset" 165
"../../../Engine/Content/Functions/Engine_MaterialFunctions01/Texturing/FlattenNormal.uasset" 166
"../../../Engine/Content/EngineMaterials/FlatNormal.uasset" 167
"../../Plugins/Enterprise/DatasmithContent/Content/Materials/CE_BaseMaster.uasset" 168
"../../Plugins/Enterprise/DatasmithContent/Content/Materials/CE_OpacityMaster.uasset" 169
"../../Plugins/Enterprise/DatasmithContent/Content/Materials/CE_OpacitySimpleMaster.uasset" 170
"../../Plugins/Enterprise/DatasmithContent/Content/Materials/CE_OpaqueMaster.uasset" 171
"../../../Engine/Content/Functions/Engine_MaterialFunctions01/Texturing/ComputeMipLevel.uasset" 172
"../../../Engine/Content/Functions/Engine_MaterialFunctions01/Texturing/TextureCropping.uasset" 173
"../../../Engine/Content/Functions/Engine_MaterialFunctions02/Utility/BreakOutFloat3Components.uasset" 174
"../../../Engine/Content/Functions/Engine_MaterialFunctions02/ExampleContent/DebugNumberStrip.uasset" 175
"../../../Engine/Content/Functions/Engine_MaterialFunctions02/ExampleContent/Textures/DebugNumberPeriod.uasset" 176
"../../../Engine/Content/Functions/Engine_MaterialFunctions02/Utility/DebugScalarValues.uasset" 177
"../../../Engine/Content/Functions/Engine_MaterialFunctions02/Utility/DebugFloat3Values.uasset" 178
"../../../Engine/Content/Functions/Engine_MaterialFunctions02/Utility/MakeFloat3.uasset" 179
"../../../Engine/Content/Functions/Engine_MaterialFunctions02/Math/RGBtoHSV.uasset" 180
"../../../Engine/Content/Functions/Engine_MaterialFunctions02/Utility/BreakOutFloat4Components.uasset" 181
"../../../Engine/Content/Functions/Engine_MaterialFunctions02/Utility/DebugFloat4Values.uasset" 182
"../../Plugins/Enterprise/DatasmithContent/Content/Materials/Datasmith_Color.uasset" 183
"../../../Engine/Content/Functions/Engine_MaterialFunctions02/ExampleContent/Textures/flipbook.uasset" 184
"../../Plugins/Enterprise/DatasmithContent/Content/Materials/ExtractColor.uasset" 185
"../../Plugins/Enterprise/DatasmithContent/Content/Materials/TileMirrorAxis.uasset" 186
"../../../Engine/Content/Functions/Engine_MaterialFunctions02/Texturing/CustomRotator.uasset" 187
"../../Plugins/Enterprise/DatasmithContent/Content/Materials/UVEdit.uasset" 188
"../../Plugins/Enterprise/DatasmithContent/Content/Materials/Datasmith_Material.uasset" 189
"../../../Engine/Content/Functions/Engine_MaterialFunctions03/Procedurals/NormalFromHeightmap.uasset" 190
"../../../Engine/Content/ArtTools/RenderToTexture/Textures/127grey.uasset" 191
"../../Plugins/Enterprise/DatasmithContent/Content/Materials/RevitMaster.uasset" 192
"../../Plugins/Enterprise/DatasmithContent/Content/Materials/SketchUpMaster.uasset" 193
"../../Plugins/Enterprise/DatasmithContent/Content/Materials/FBXImporter/DeltaGenUVEdit.uasset" 194
"../../Plugins/Enterprise/DatasmithContent/Content/Materials/FBXImporter/DeltaGenBase.uasset" 195
"../../../Engine/Content/EngineMaterials/T_Default_Normal.uasset" 196
"../../Plugins/Enterprise/DatasmithContent/Content/Materials/FBXImporter/DeltaGenMaster.uasset" 197
"../../Plugins/Enterprise/DatasmithContent/Content/Materials/FBXImporter/DeltaGenMasterTransparent.uasset" 198
"../../Plugins/Enterprise/DatasmithContent/Content/Materials/FBXImporter/VREDUVEdit.uasset" 199
"../../Plugins/Enterprise/DatasmithContent/Content/Materials/FBXImporter/VREDBase.uasset" 200
"../../Plugins/Enterprise/DatasmithContent/Content/Materials/FBXImporter/VREDMaster.uasset" 201
"../../Plugins/Enterprise/DatasmithContent/Content/Materials/FBXImporter/VREDMasterTransparent.uasset" 202
"../../Plugins/Runtime/Oculus/OculusVR/Content/Materials/PokeAHoleMaterial.uasset" 203
"../../Plugins/Runtime/Oculus/OculusVR/Content/Textures/GearVRController_AO.uasset" 204
"../../Plugins/Runtime/Oculus/OculusVR/Content/Textures/GearVRController_Color.uasset" 205
"../../Plugins/Runtime/Oculus/OculusVR/Content/Textures/GearVRController_Normal.uasset" 206
"../../Plugins/Runtime/Oculus/OculusVR/Content/Materials/GearVRControllerMaterial.uasset" 207
"../../Plugins/Runtime/Oculus/OculusVR/Content/Meshes/GearVrController.uasset" 208
"../../Plugins/Runtime/Oculus/OculusVR/Content/Textures/touchController_albedo.uasset" 209
"../../Plugins/Runtime/Oculus/OculusVR/Content/Textures/touchController_controlmap.uasset" 210
"../../Plugins/Runtime/Oculus/OculusVR/Content/Materials/touchController_mat.uasset" 211
"../../Plugins/Runtime/Oculus/OculusVR/Content/Meshes/LeftTouchController.uasset" 212
"../../Plugins/Runtime/Oculus/OculusVR/Content/Meshes/RiftHMD.uasset" 213
"../../Plugins/Runtime/Oculus/OculusVR/Content/Meshes/RightTouchController.uasset" 214
"../../../Enterprise/Plugins/Editor/StaticMeshEditorExtension/Content/HoveredFaceMaterial.uasset" 215
"../../../Enterprise/Plugins/Editor/StaticMeshEditorExtension/Content/HoveredGeometryMaterial.uasset" 216
"../../../Enterprise/Plugins/Editor/StaticMeshEditorExtension/Content/WireWorldOffset.uasset" 217
"../../../Enterprise/Plugins/Editor/StaticMeshEditorExtension/Content/OverlayLineMaterial.uasset" 218
"../../../Enterprise/Plugins/Editor/StaticMeshEditorExtension/Content/OverlayPointMaterial.uasset" 219
"../../../Enterprise/Plugins/Editor/StaticMeshEditorExtension/Content/WireMaterial.uasset" 220
"../../../Enterprise/Plugins/Editor/StaticMeshEditorExtension/Content/WireMaterialBaseCage.uasset" 221
"../../../Engine/Content/EditorBlueprintResources/StandardMacros.uasset" 222
"../../../Engine/Content/EngineSky/C_Sky_Cloud_Color.uasset" 223
"../../../Engine/Content/EngineSky/C_Sky_Horizon_Color.uasset" 224
"../../../Engine/Content/EngineSky/C_Sky_Zenith_Color.uasset" 225
"../../../Engine/Content/EngineSky/T_Sky_Blue.uasset" 226
"../../../Engine/Content/EngineSky/T_Sky_Clouds_M.uasset" 227
"../../../Engine/Content/EngineSky/T_Sky_Stars.uasset" 228
"../../../Engine/Content/EngineSky/M_Sky_Panning_Clouds2.uasset" 229
"../../../Engine/Content/EngineSky/SM_SkySphere.uasset" 230
"../../../Engine/Content/EngineSky/BP_Sky_Sphere.uasset" 231
"C:/Users/Jahn/Documents/GitHub/SpaceForce/SpaceForce 4.21/Content/Matrial/shield.uasset" 232
"C:/Users/Jahn/Documents/GitHub/SpaceForce/SpaceForce 4.21/Content/Model/Cube.uasset" 233
"C:/Users/Jahn/Documents/GitHub/SpaceForce/SpaceForce 4.21/Content/BP/Gate.uasset" 234
"../../Plugins/Enterprise/DatasmithContent/Content/Blueprints/FBXImporter/ArrayOfActor.uasset" 235
"../../Plugins/Enterprise/DatasmithContent/Content/Blueprints/FBXImporter/ArrayOfSwitch.uasset" 236
"../../Plugins/Enterprise/DatasmithContent/Content/Blueprints/FBXImporter/BP_SceneNode.uasset" 237
"../../Plugins/Enterprise/DatasmithContent/Content/Blueprints/FBXImporter/BP_Switch.uasset" 238
"../../Plugins/Enterprise/DatasmithContent/Content/Blueprints/FBXImporter/BP_SceneRoot.uasset" 239
"../../Plugins/Enterprise/DatasmithContent/Content/Blueprints/FBXImporter/FBXImporterUtils.uasset" 240
"C:/Users/Jahn/Documents/GitHub/SpaceForce/SpaceForce 4.21/Content/Matrial/gun.uasset" 241
"C:/Users/Jahn/Documents/GitHub/SpaceForce/SpaceForce 4.21/Content/BP/Generator.uasset" 242
"C:/Users/Jahn/Documents/GitHub/SpaceForce/SpaceForce 4.21/Content/Matrial/black.uasset" 243
"../../../Engine/Content/BasicShapes/Cylinder.uasset" 244
"C:/Users/Jahn/Documents/GitHub/SpaceForce/SpaceForce 4.21/Content/BP/GunEmplacement.uasset" 245
"C:/Users/Jahn/Documents/GitHub/SpaceForce/SpaceForce 4.21/Content/Matrial/Green.uasset" 246
"C:/Users/Jahn/Documents/GitHub/SpaceForce/SpaceForce 4.21/Content/Model/Health_Pickup_PlaceHolder.uasset" 247
"C:/Users/Jahn/Documents/GitHub/SpaceForce/SpaceForce 4.21/Content/BP/PickupHealth2.uasset" 248
"C:/Users/Jahn/Documents/GitHub/SpaceForce/SpaceForce 4.21/Content/Matrial/Blue.uasset" 249
"C:/Users/Jahn/Documents/GitHub/SpaceForce/SpaceForce 4.21/Content/Model/Shield_Pickup_Placeholder.uasset" 250
"C:/Users/Jahn/Documents/GitHub/SpaceForce/SpaceForce 4.21/Content/BP/PickupShield2.uasset" 251
"C:/Users/Jahn/Documents/GitHub/SpaceForce/SpaceForce 4.21/Content/Matrial/Orange.uasset" 252
"C:/Users/Jahn/Documents/GitHub/SpaceForce/SpaceForce 4.21/Content/Model/Speed_pickup_Placeholder.uasset" 253
"C:/Users/Jahn/Documents/GitHub/SpaceForce/SpaceForce 4.21/Content/BP/PickupSpeed2.uasset" 254
"C:/Users/Jahn/Documents/GitHub/SpaceForce/SpaceForce 4.21/Content/Scene_BuiltData.uasset" 255
"C:/Users/Jahn/Documents/GitHub/SpaceForce/SpaceForce 4.21/Content/Model/Material_001.uasset" 256
"C:/Users/Jahn/Documents/GitHub/SpaceForce/SpaceForce 4.21/Content/Model/Material_002.uasset" 257
"C:/Users/Jahn/Documents/GitHub/SpaceForce/SpaceForce 4.21/Content/Model/terran.uasset" 258
"C:/Users/Jahn/Documents/GitHub/SpaceForce/SpaceForce 4.21/Content/Scene.umap" 259
"../../../Engine/Content/Maps/Entry_BuiltData.uasset" 260
"../../../Engine/Content/Maps/Entry.umap" 261
"../../../Engine/Content/Maps/Templates/Template_Default_BuiltData.uasset" 262
"../../../Engine/Content/MapTemplates/SM_Template_Map_Floor.uasset" 263
"../../../Engine/Content/Maps/Templates/Template_Default.umap" 264
